D:\OSAMA\PROGRAMMING\INTERVIEWS\INTERVIEWPREPARATION\INTERVIEW PREPARATION\INTERVIEW PREPARATION\DEBUG\HEAPPLAYGROUND.OBJ
D:\OSAMA\PROGRAMMING\INTERVIEWS\INTERVIEWPREPARATION\INTERVIEW PREPARATION\INTERVIEW PREPARATION\DEBUG\SINGLELINKEDLIST.OBJ
D:\OSAMA\PROGRAMMING\INTERVIEWS\INTERVIEWPREPARATION\INTERVIEW PREPARATION\INTERVIEW PREPARATION\DEBUG\VC110.PDB
D:\OSAMA\PROGRAMMING\INTERVIEWS\INTERVIEWPREPARATION\INTERVIEW PREPARATION\DEBUG\INTERVIEW PREPARATION.ILK
D:\OSAMA\PROGRAMMING\INTERVIEWS\INTERVIEWPREPARATION\INTERVIEW PREPARATION\DEBUG\INTERVIEW PREPARATION.EXE
D:\OSAMA\PROGRAMMING\INTERVIEWS\INTERVIEWPREPARATION\INTERVIEW PREPARATION\DEBUG\INTERVIEW PREPARATION.PDB
D:\Osama\Programming\Interviews\InterviewPreparation\Interview Preparation\Interview Preparation\Debug\HeapPlayground.obj
D:\Osama\Programming\Interviews\InterviewPreparation\Interview Preparation\Interview Preparation\Debug\SingleLinkedList.obj
D:\Osama\Programming\Interviews\InterviewPreparation\Interview Preparation\Interview Preparation\Debug\cl.command.1.tlog
D:\Osama\Programming\Interviews\InterviewPreparation\Interview Preparation\Interview Preparation\Debug\CL.read.1.tlog
D:\Osama\Programming\Interviews\InterviewPreparation\Interview Preparation\Interview Preparation\Debug\CL.write.1.tlog
D:\Osama\Programming\Interviews\InterviewPreparation\Interview Preparation\Interview Preparation\Debug\link-cvtres.read.1.tlog
D:\Osama\Programming\Interviews\InterviewPreparation\Interview Preparation\Interview Preparation\Debug\link-cvtres.write.1.tlog
D:\Osama\Programming\Interviews\InterviewPreparation\Interview Preparation\Interview Preparation\Debug\link-rc.read.1.tlog
D:\Osama\Programming\Interviews\InterviewPreparation\Interview Preparation\Interview Preparation\Debug\link-rc.write.1.tlog
D:\Osama\Programming\Interviews\InterviewPreparation\Interview Preparation\Interview Preparation\Debug\link.command.1.tlog
D:\Osama\Programming\Interviews\InterviewPreparation\Interview Preparation\Interview Preparation\Debug\link.read.1.tlog
D:\Osama\Programming\Interviews\InterviewPreparation\Interview Preparation\Interview Preparation\Debug\link.write.1.tlog
D:\Osama\Programming\Interviews\InterviewPreparation\Interview Preparation\Interview Preparation\Debug\vc110.idb
D:\Osama\Programming\Interviews\InterviewPreparation\Interview Preparation\Interview Preparation\Debug\vc110.pdb
D:\Osama\Programming\Interviews\InterviewPreparation\Interview Preparation\Debug\Interview Preparation.pdb
D:\Osama\Programming\Interviews\InterviewPreparation\Interview Preparation\Debug\Interview Preparation.exe
D:\Osama\Programming\Interviews\InterviewPreparation\Interview Preparation\Debug\Interview Preparation.ilk
